TEST 1
  2   3   5   6  10  12  13  18  20  31  42  47  54  70  73  77  79  95 
TEST 2
  0   6   9  12  13  14  15  17  20  21  28  29  31  32  37  42  44  47  56  57  70  72  73  74  77  79  89  90  91  95  96  97 
TEST 3
  0   5   6   7   9  12  17  20  28  31  32  34  37  38  41  42  44  56  57  59  61  63  64  70  72  73  74  75  77  79  86  89  91  92  96  97 
TEST 4
  0   2   4   5   7   9  12  20  28  29  31  32  34  37  38  41  44  51  57  59  61  63  67  70  72  73  74  75  79  86  87  89  92  96  97  98 
TEST 5
  0   2   4   5   9  18  20  25  28  29  31  34  37  38  44  51  52  53  57  59  61  62  63  69  70  71  73  74  75  80  84  86  87  89  92  95  96  98 
TEST 6
  0   2   3   4   5   6   7  13  15  18  24  25  28  29  31  33  34  37  38  44  47  48  51  52  53  61  62  63  68  69  70  71  73  74  75  84  86  87  89  90  92  95  96  98 
TEST 7
  0   2   3   4   5   6   7  13  15  17  23  24  25  29  31  32  33  34  37  38  46  47  48  49  51  52  53  61  62  63  68  69  70  71  73  74  75  77  86  87  89  90  92  95  96  98 
TEST 8
  0   2   3   5   6   7  13  15  17  21  23  24  25  32  33  34  38  40  45  46  47  48  49  51  52  53  61  62  63  68  69  70  73  74  75  77  82  86  87  88  89  90  92  95  97  98 
TEST 9
  0   2   6   7  13  15  17  23  25  28  32  33  34  38  44  45  46  47  48  49  50  53  61  63  69  70  74  75  77  82  86  87  88  89  90  95  97  98  99 
TEST 10
  0   2   6   7  13  15  17  22  23  26  28  30  33  34  38  42  43  44  45  46  47  49  50  53  56  60  61  63  64  69  70  73  74  75  77  79  80  82  88  89  90  92  95  98  99 
TEST 11
  0   2   6   7  15  17  20  22  23  24  26  28  30  32  33  34  42  43  44  47  49  50  53  56  60  61  63  65  69  70  73  74  75  77  78  79  80  81  82  88  89  90  92  93  95  98  99 
TEST 12
  0   2  12  15  17  22  23  24  26  28  30  32  34  39  42  43  44  47  50  53  56  60  61  63  65  69  70  73  74  75  77  78  79  80  81  82  88  89  90  92  93  94  95  98  99 
TEST 13
  0   3   7  11  12  15  17  22  23  24  26  28  30  32  34  39  42  43  44  47  49  53  54  56  59  60  61  63  65  70  73  74  75  78  79  81  82  85  88  89  90  92  93  94  99 
TEST 14
  2   3   5   7   8  12  15  22  23  26  28  30  32  34  39  45  53  55  56  57  60  61  68  70  73  75  80  81  82  85  88  89  92  95  98 
TEST 15
  2   3   8  22  23  26  27  28  30  34  39  45  52  55  56  60  61  68  70  71  73  75  80  81  82  88  89  91  92  95  97  98 
TEST 16
  2   3   8  11  23  26  27  28  30  32  34  39  45  49  52  55  58  60  61  68  70  80  81  82  88  89  91  92  93  95  97  98 
TEST 17
  2   3   8  11  23  26  27  28  30  34  35  36  39  45  49  52  55  58  61  68  70  80  81  82  85  88  89  91  92  95  97  98 
TEST 18
  2   3   8  11  18  20  23  24  26  27  28  29  30  34  35  38  45  48  52  55  56  58  61  66  70  77  78  80  81  82  85  88  89  91  92  95  98  99 
TEST 19
  3   7   8  18  20  23  24  27  28  29  30  34  35  37  38  45  48  52  55  56  58  61  63  66  70  77  78  81  82  85  86  88  89  92  95  99 
TEST 20
  3   7   8  18  20  23  24  27  28  29  30  34  35  37  38  40  45  48  52  54  55  56  58  61  66  70  72  74  77  78  81  82  85  86  88  89  92  94  95  99 
TEST 21
  3   8  18  20  23  24  27  28  29  30  34  35  37  40  45  48  52  54  55  56  58  61  66  70  72  74  77  78  81  82  85  86  88  89  92  94  97  99 
TEST 22
  3   8  11  18  20  24  27  28  29  30  34  35  37  40  45  48  52  54  56  58  61  66  70  72  74  75  76  77  78  80  81  82  85  86  88  89  92  94  97  99 
TEST 23
  2   3   5   8  11  12  18  20  24  25  28  29  30  34  35  37  40  45  48  52  54  56  58  63  66  68  70  72  74  75  76  77  78  80  81  82  86  88  90  92  94  97  99 
TEST 24
  2   3   5   9  10  11  12  13  14  18  20  24  25  28  29  30  32  35  45  46  48  54  56  58  63  68  70  74  75  76  77  80  81  82  86  90  94  97 
TEST 25
  2   5   9  10  12  13  14  18  20  22  24  26  29  30  32  35  42  44  45  46  53  54  56  57  58  63  68  72  75  76  77  84  86  90  92  93  94  95  97 
TEST 26
  2   5   9  10  12  13  14  15  18  20  22  26  29  30  32  35  42  44  45  46  49  53  54  56  57  58  63  68  72  75  76  77  80  84  90  92  93  94  95  97 
TEST 27
  2   5   9  10  11  12  13  14  15  19  20  22  26  30  35  44  45  46  47  49  54  56  57  58  63  68  72  75  76  77  80  84  89  90  93  94  95  97 
TEST 28
  1   2   5   9  10  12  13  14  15  19  20  22  26  28  30  35  41  43  44  45  46  47  49  54  56  57  58  59  63  66  68  69  72  75  76  77  80  84  87  90  93  94  95 
TEST 29
  1   2   9  10  12  13  15  18  20  21  22  26  28  30  35  43  44  45  46  47  49  54  56  57  58  59  62  66  68  69  72  74  75  76  77  80  84  85  87  90  93  94 
TEST 30
  2   9  12  13  15  18  21  22  28  30  35  43  44  45  46  47  48  49  54  57  60  61  62  63  66  71  72  74  75  76  77  80  84  85  86  87  88  90  93 
TEST 31
 12  13  15  19  20  21  22  24  26  28  30  39  41  43  44  45  46  47  48  49  54  56  57  60  62  63  64  66  69  71  72  74  75  76  77  80  84  87  88  90  91  93 
TEST 32
  2   8  12  14  15  19  20  22  24  26  28  29  32  34  39  41  43  44  45  46  47  48  49  50  56  57  60  62  63  64  66  69  71  72  74  75  76  77  80  84  88  90  91  94  99 
TEST 33
  2   8  12  13  14  15  16  17  19  20  24  26  28  29  32  34  41  43  45  46  47  48  49  50  51  55  56  60  62  63  64  65  66  69  74  75  77  80  90  95 
TEST 34
  2   3   8  12  14  19  21  26  28  29  32  38  40  43  44  47  48  49  50  51  55  56  57  60  63  65  66  68  74  78  80  86  88  90  95  97 
TEST 35
  2   3   8  12  14  19  21  25  26  28  29  32  35  37  38  40  43  44  47  49  50  51  56  57  60  63  65  68  72  79  80  86  88  90  95  97 
TEST 36
  2   3   6   8  12  14  19  21  25  28  29  30  35  37  38  40  44  47  49  51  56  57  60  63  65  68  79  80  86  88  90  95  96  97 
TEST 37
  3   5   6  12  14  19  25  28  29  30  35  37  38  39  40  44  47  49  51  55  56  57  59  60  63  65  68  75  77  78  79  80  86  90  95  96  97 
TEST 38
  3   5   6  10  11  12  14  19  20  25  28  29  31  35  37  38  39  40  41  44  47  51  54  55  56  57  59  65  71  75  77  78  79  86  90  96  97  99 
TEST 39
  2   5   6  10  11  12  13  14  19  20  25  28  29  31  37  38  39  40  41  44  47  51  54  55  56  59  65  71  77  78  79  86  90  96  97  99 
TEST 40
  2   6  10  11  12  13  14  19  25  28  29  31  37  38  40  41  44  47  49  51  54  55  56  62  65  71  77  78  79  80  86  90  95  96  97  98  99 
TEST 41
  2   6   8  10  11  12  13  14  19  28  29  31  37  38  40  41  43  44  51  54  55  57  62  65  71  75  79  80  81  84  92  95  96  97  98 
TEST 42
  2   6   8   9  11  13  19  23  28  29  31  37  38  40  41  43  44  51  52  54  55  57  62  65  71  75  79  80  81  84  92  95  96  97  98 
TEST 43
  2   6   8   9  11  13  19  23  28  29  31  37  38  40  41  44  51  54  55  57  62  65  71  75  77  79  80  81  82  84  92  95  96  97  98 
TEST 44
  2   6   8   9  10  14  19  23  25  27  28  30  31  37  38  40  41  44  46  49  51  55  57  62  65  71  74  75  80  81  82  96  97  98 
TEST 45
  1   2   6   7   8   9  10  17  19  23  24  25  27  28  31  37  38  40  41  44  46  49  51  55  57  62  65  71  74  75  78  80  82  85  87  96  97  98 
TEST 46
  0   1   2   8  16  17  21  23  24  27  28  31  32  37  39  40  41  43  44  46  49  51  54  55  57  62  64  65  66  69  71  74  75  78  80  82  85  87  96  97  98 
TEST 47
  0   2  10  15  16  19  21  23  24  27  30  31  32  35  37  39  40  41  43  44  46  49  54  55  57  62  63  64  66  71  73  74  75  76  78  79  82  86  96  97  98 
TEST 48
  5  10  14  15  16  19  21  27  31  32  37  39  41  43  44  45  46  49  53  55  62  63  64  66  69  71  73  74  75  76  78  82  86  93  96  97  98 
TEST 49
  0   1   4   5  10  14  15  16  19  25  27  31  32  37  39  42  44  45  46  49  53  55  56  58  62  63  64  66  68  69  73  74  75  78  82  93  96  97  98  99 
TEST 50
  0   1   4   5  10  14  15  16  19  22  25  27  31  39  42  44  45  46  49  53  56  58  62  63  64  66  68  69  73  74  75  81  82  95  96  97  98  99 
TEST 51
  0   4   5  10  14  16  19  22  31  39  42  44  46  49  51  53  54  56  57  58  62  63  64  66  68  69  73  74  75  81  82  92  95  97  98  99 
TEST 52
  0   4   5  14  16  19  20  22  23  39  42  44  46  49  53  54  56  57  58  62  63  64  68  69  73  74  75  80  81  82  92  95  97  98 
TEST 53
  0   5  14  16  19  20  22  23  29  42  43  44  46  49  54  56  57  58  62  63  64  68  71  73  74  75  80  81  82  92  95  97  98 
TEST 54
  0   5  10  14  15  16  19  22  23  27  28  29  37  39  42  43  44  46  49  54  56  58  62  63  64  66  68  71  73  74  75  77  80  81  82  95  97  98 
TEST 55
  0   5  14  15  16  18  19  21  22  23  28  29  37  39  42  43  44  46  49  54  56  58  61  62  63  64  66  68  71  73  74  75  77  80  81  82  95  98 
TEST 56
  0   5   8  15  18  19  21  22  23  26  28  29  37  39  42  43  44  46  47  49  51  52  53  56  61  62  64  65  66  68  70  71  73  74  75  77  80  81  82  85  95  97  98 
TEST 57
  0   3   5   6   8  18  21  23  26  28  29  39  42  43  44  47  49  50  51  52  53  55  56  59  64  65  66  73  75  79  85  89  95  97  98  99 
TEST 58
  0   3   6   8  13  17  18  23  26  28  29  39  42  43  44  46  50  51  52  53  55  56  57  59  64  65  73  74  75  79  85  89  95  98  99 
TEST 59
  0   3   6   8  13  17  18  23  26  29  34  35  39  42  44  50  51  52  53  55  56  59  63  64  65  73  74  75  76  79  85  87  88  89  95  98  99 
TEST 60
  0   3   6   7   8   9  13  14  17  18  20  23  24  26  34  35  36  39  42  44  49  50  51  52  53  55  59  63  64  65  67  69  71  73  74  75  77  78  79  85  87  88  89  95  96  99 
TEST 61
  0   3   6   7   8  13  14  17  18  20  23  24  26  29  34  35  36  39  42  44  49  50  51  52  53  55  59  63  64  65  67  69  71  73  74  75  77  78  79  85  87  88  89  96  99 
TEST 62
  0   2   3   6   8  10  13  14  17  18  24  34  35  36  38  39  42  44  45  48  50  51  52  55  59  64  65  69  71  75  77  78  79  80  81  83  85  87  95  96 
TEST 63
  0   2   3   6   7   8  12  13  14  17  18  24  33  34  35  36  38  39  40  42  44  45  48  51  52  55  57  64  65  69  71  75  77  78  79  80  81  83  85  87  96 
TEST 64
  2   3   7  12  13  14  17  18  24  25  30  33  35  36  38  39  40  42  43  44  48  51  52  53  55  57  67  68  69  71  75  76  77  78  79  81  83  85  87  97 
TEST 65
  0   2   3   5   7  10  13  14  18  21  23  24  25  26  27  30  33  34  35  36  38  40  42  43  44  46  51  53  55  56  57  67  68  69  71  74  75  76  77  79  80  81  83  84  87  92 
TEST 66
  0   2   4   5   6   7  13  14  15  18  21  25  27  33  35  36  38  40  43  45  49  53  55  56  57  66  67  69  71  72  75  77  79  80  81  84  86  87  91 
TEST 67
  0   2   5   6   7   8  14  15  16  18  19  21  23  25  28  33  35  36  38  40  42  49  50  51  53  55  56  61  65  66  67  71  75  80  81  86  87  91  93 
TEST 68
  2   5   6   7   8  14  18  19  21  23  25  28  33  35  36  38  40  49  50  51  53  55  61  65  66  67  71  75  80  85  86  87  91  93  99 
TEST 69
  2   5   6   7   8  14  18  19  21  22  23  25  28  33  35  36  38  49  50  51  54  55  61  65  67  71  75  80  85  86  87  90  91  93 
TEST 70
  0   2   5   6   7   8  11  14  17  18  19  21  22  23  25  28  34  35  36  37  38  46  47  49  50  51  54  55  61  65  67  71  75  76  78  80  82  83  85  86  87  90  91  93 
TEST 71
  0   2   5   8   9  11  14  17  18  19  21  22  23  25  27  28  29  34  35  36  37  38  42  46  49  50  51  52  54  55  61  65  66  67  71  75  76  78  83  85  86  87  90  91  93 
TEST 72
  0   2   5   8   9  11  14  18  19  23  25  27  28  34  36  37  38  48  63  65  66  69  70  71  75  76  78  79  83  85  86  91  93  94  97  98 
TEST 73
  0   2   4   5   7   9  11  14  16  18  19  23  25  28  31  34  36  38  44  47  48  54  55  58  65  66  68  69  70  71  75  76  78  81  83  85  86  91  93  94  97  98 
TEST 74
  0   2   4   5   7   9  10  11  14  16  19  21  23  25  28  31  34  36  38  44  47  48  54  55  58  65  66  68  69  71  75  76  78  81  83  85  86  91  93  94  96  97  98 
TEST 75
  2   4   5   7  10  11  12  13  14  16  17  22  25  28  31  34  36  38  41  44  47  48  54  55  58  59  65  66  71  76  77  86  88  91  93  94  96  97  98 
TEST 76
  2   4   5   7  10  11  12  13  14  15  16  17  22  24  25  28  34  38  45  48  50  58  59  65  66  67  71  76  78  86  88  90  91  93  94  97  98 
TEST 77
  2   3   4   5  11  12  13  14  15  17  18  19  22  23  25  28  34  37  38  44  45  48  50  58  59  63  65  66  67  70  71  75  76  78  88  90  92  93  94  97  98 
TEST 78
  0   2   3   5   9  10  11  12  13  14  15  17  18  19  23  26  33  34  38  39  41  44  48  50  55  58  59  60  63  65  66  67  69  70  71  75  78  87  88  92  93  97  98  99 
TEST 79
  1   2   3   5   9  10  11  12  13  14  15  17  18  19  23  26  33  34  38  39  41  44  48  50  55  58  59  63  65  66  67  69  70  71  75  78  79  80  87  88  90  92  93  97  98 
TEST 80
  1   2   3   5   9  10  11  12  13  14  15  17  18  19  23  26  28  31  33  34  37  38  39  45  48  50  51  58  59  64  65  67  69  71  75  78  79  80  84  87  88  90  92  93  97  98 
TEST 81
  2   3   9  10  11  12  13  15  17  19  23  28  31  33  34  36  39  45  48  50  57  58  59  61  62  64  65  67  69  71  75  78  80  82  84  87  88  90  98 
TEST 82
  2   6   7   9  10  11  12  13  15  17  18  19  20  21  23  25  28  31  33  34  35  36  39  43  45  48  50  51  56  57  58  59  61  64  65  69  75  78  80  82  84  87  90  91  92  98 
TEST 83
  2   6   7   9  10  11  13  15  17  18  19  21  23  28  31  33  34  35  36  37  39  40  43  45  48  51  58  59  61  62  65  66  69  71  75  76  78  80  82  84  87  91  92  96 
TEST 84
  2   6   7   9  10  11  13  17  18  19  21  23  26  28  31  32  33  34  36  37  38  41  43  45  51  58  59  61  62  65  66  68  69  75  78  84  91  92  96 
TEST 85
  2   6   7   9  11  13  17  18  19  21  23  31  32  33  34  36  37  38  41  42  43  45  47  48  51  58  62  65  66  68  69  75  78  91  92  96 
TEST 86
  2   6   9  11  13  18  19  23  26  32  33  34  35  36  37  38  41  42  43  44  45  47  48  51  52  62  66  69  78  85  89  91  92 
TEST 87
  6   9  10  11  12  13  18  19  23  26  32  33  34  35  36  37  38  41  42  43  44  45  47  48  52  62  66  69  85  89  91  92 
TEST 88
  0   6   9  10  11  12  13  14  18  19  20  23  31  32  34  35  37  38  41  43  44  45  47  48  50  52  53  66  69  75  85  89  91  92 
TEST 89
  0   2   8   9  10  11  12  13  14  15  18  19  20  30  32  34  35  37  38  43  44  45  47  51  52  53  59  61  63  66  67  69  75  76  87  91  92  98 
TEST 90
  0   2   8   9  10  11  12  13  14  15  18  19  20  24  30  32  34  35  37  40  43  44  45  47  51  52  53  59  61  63  67  74  75  76  81  87  92  97  98 
TEST 91
  0   2   8   9  11  12  13  14  18  19  20  24  30  32  34  35  37  40  43  44  45  47  48  50  51  52  53  59  63  67  74  75  76  81  87  92  97  98 
TEST 92
  0   2   8   9  11  12  13  14  18  19  22  23  24  27  30  31  32  34  35  37  40  43  44  45  47  48  49  51  52  53  58  67  75  82  87  91  98 
TEST 93
  0   8  11  12  13  18  19  22  23  27  30  31  32  33  34  35  37  40  41  43  45  48  52  53  54  55  56  58  60  62  67  74  75  82  86  87  88  89  94  95  98 
TEST 94
  0   8   9  11  12  13  18  19  21  22  25  26  27  30  31  32  34  35  37  39  40  41  45  48  51  52  53  54  55  56  58  60  62  67  71  74  75  78  82  84  86  87  89  94  95  98 
TEST 95
  0   3   6   7   8   9  11  12  13  18  21  22  25  27  30  31  32  33  34  35  37  40  41  45  46  48  51  53  54  55  56  58  60  62  63  64  67  71  75  78  82  87  89  94  95 
TEST 96
  0   3   4   6   7   8   9  11  12  13  15  18  20  21  22  25  27  31  32  33  34  35  40  41  45  46  48  53  54  56  58  62  63  64  67  71  76  77  78  82  87  89  93  94 
TEST 97
  0   3   4   6   7   8   9  11  12  13  15  18  20  21  22  25  27  31  32  34  35  40  41  45  48  52  54  56  58  61  62  64  67  71  75  76  77  82  84  87  88  89  93  94  96 
TEST 98
  0   3   4   6   7   8   9  11  12  13  15  18  21  22  27  31  34  35  37  39  40  41  48  52  56  58  62  64  67  71  72  75  76  77  82  84  87  88  89  91  94  96 
TEST 99
  0   3   4   6   7   8   9  11  12  13  15  18  21  22  27  31  34  35  37  38  39  40  41  46  48  51  52  56  58  62  64  67  71  72  75  76  77  82  84  87  88  89  91  96 
TEST 100
  0   3   5   6   7   9  11  13  18  20  21  22  31  34  37  38  39  41  46  48  50  52  54  58  66  67  76  77  80  82  83  84  85  87  88  89  95 
